2025-11-28 18:09:09 - INFO - 使用设备: cuda
2025-11-28 18:09:09 - INFO - ================================================================================
2025-11-28 18:09:09 - INFO - 加载模型...
2025-11-28 18:09:09 - INFO - ================================================================================
2025-11-28 18:09:09 - INFO - 使用模型: best_checkpoint.pt
2025-11-28 18:09:09 - INFO - 加载检查点: E:\2024liushaoxuan\learn\shiyan1\data\输出\m4_baseline\checkpoints\best_model\best_checkpoint.pt
2025-11-28 18:09:10 - INFO - 模型配置:
2025-11-28 18:09:10 - INFO -   - 预训练模型: hfl/chinese-macbert-base
2025-11-28 18:09:10 - INFO -   - 输出维度: 5
2025-11-28 18:09:10 - INFO -   - Dropout: 0.1
2025-11-28 18:09:22 - INFO - ✓ Tokenizer加载完成
2025-11-28 18:09:22 - INFO - ✓ 模型加载成功
2025-11-28 18:09:22 - INFO -   训练轮次: 12
2025-11-28 18:09:22 - INFO -   验证集指标:
2025-11-28 18:09:22 - INFO -     平均 Pearsonr: 0.6030
2025-11-28 18:09:22 - INFO -     平均 Accuracy: 0.9621
2025-11-28 18:09:22 - INFO -     平均 RMSE: 0.0589
2025-11-28 18:09:22 - INFO -     平均 MAE: 0.0228
2025-11-28 18:09:40 - INFO - ================================================================================
2025-11-28 18:09:40 - INFO - 开始分析评论...
2025-11-28 18:09:40 - INFO - ================================================================================
2025-11-28 18:09:40 - INFO - 评论内容: 全程无购物纯游玩，黄导游也特别负责服务的很好，大巴单人单做特别舒服，中午特色餐特别好吃，也是我吃过最棒的旅游团餐，下次还选择他们
2025-11-28 18:09:41 - INFO - 
================================================================================
2025-11-28 18:09:41 - INFO - 分析结果
2025-11-28 18:09:41 - INFO - ================================================================================
2025-11-28 18:09:41 - INFO - 
评论: 全程无购物纯游玩，黄导游也特别负责服务的很好，大巴单人单做特别舒服，中午特色餐特别好吃，也是我吃过最棒的旅游团餐，下次还选择他们
2025-11-28 18:09:41 - INFO - 时间: 2025-11-28 18:09:41
2025-11-28 18:09:41 - INFO - 
五维度评分:
2025-11-28 18:09:41 - INFO - ----------------------------------------------------------------------------------------------------
2025-11-28 18:09:41 - INFO - 维度              归一化[0-1]        连续分数[-2,2]         离散分数         评价        
2025-11-28 18:09:41 - INFO - ----------------------------------------------------------------------------------------------------
2025-11-28 18:09:41 - INFO - valence                0.5197            0.0787           0    一般        
2025-11-28 18:09:41 - INFO - arousal                0.9268            1.7071           2    很好        
2025-11-28 18:09:41 - INFO - dominance              0.9373            1.7490           2    很好        
2025-11-28 18:09:41 - INFO - likeability            0.4754           -0.0984           0    一般        
2025-11-28 18:09:41 - INFO - intensity              0.9703            1.8814           2    很好        
2025-11-28 18:09:41 - INFO - ----------------------------------------------------------------------------------------------------
2025-11-28 18:09:41 - INFO - 平均分                    0.7659            1.0635        1.20
2025-11-28 18:09:41 - INFO - ================================================================================
2025-11-28 18:09:41 - INFO - 
✓ 结果已保存到: E:\2024liushaoxuan\learn\shiyan1\results\sentiment_result_20251128_180941.json
2025-11-28 18:09:41 - INFO - ✓ 文本报告已保存到: E:\2024liushaoxuan\learn\shiyan1\results\sentiment_result_20251128_180941.txt
