2025-11-28 18:11:29 - INFO - 使用设备: cuda
2025-11-28 18:11:29 - INFO - ================================================================================
2025-11-28 18:11:29 - INFO - 加载模型...
2025-11-28 18:11:29 - INFO - ================================================================================
2025-11-28 18:11:29 - INFO - 使用模型: best_checkpoint.pt
2025-11-28 18:11:29 - INFO - 加载检查点: E:\2024liushaoxuan\learn\shiyan1\data\输出\m4_baseline\checkpoints\best_model\best_checkpoint.pt
2025-11-28 18:11:31 - INFO - 模型配置:
2025-11-28 18:11:31 - INFO -   - 预训练模型: hfl/chinese-macbert-base
2025-11-28 18:11:31 - INFO -   - 输出维度: 5
2025-11-28 18:11:31 - INFO -   - Dropout: 0.1
2025-11-28 18:11:42 - INFO - ✓ Tokenizer加载完成
2025-11-28 18:11:42 - INFO - ✓ 模型加载成功
2025-11-28 18:11:42 - INFO -   训练轮次: 12
2025-11-28 18:11:42 - INFO -   验证集指标:
2025-11-28 18:11:42 - INFO -     平均 Pearsonr: 0.6030
2025-11-28 18:11:42 - INFO -     平均 Accuracy: 0.9621
2025-11-28 18:11:42 - INFO -     平均 RMSE: 0.0589
2025-11-28 18:11:42 - INFO -     平均 MAE: 0.0228
2025-11-28 18:11:47 - INFO - ================================================================================
2025-11-28 18:11:47 - INFO - 开始分析评论...
2025-11-28 18:11:47 - INFO - ================================================================================
2025-11-28 18:11:47 - INFO - 评论内容: 导游非常好，全程保姆式服务，拍照，全方位讲解，人的智慧，佛的慈悲。你若慈悲，岁月无恙。
2025-11-28 18:11:48 - INFO - 
================================================================================
2025-11-28 18:11:48 - INFO - 分析结果
2025-11-28 18:11:48 - INFO - ================================================================================
2025-11-28 18:11:48 - INFO - 
评论: 导游非常好，全程保姆式服务，拍照，全方位讲解，人的智慧，佛的慈悲。你若慈悲，岁月无恙。
2025-11-28 18:11:48 - INFO - 时间: 2025-11-28 18:11:48
2025-11-28 18:11:48 - INFO - 
五维度评分:
2025-11-28 18:11:48 - INFO - ----------------------------------------------------------------------------------------------------
2025-11-28 18:11:48 - INFO - 维度              归一化[0-1]        连续分数[-2,2]         离散分数         评价        
2025-11-28 18:11:48 - INFO - ----------------------------------------------------------------------------------------------------
2025-11-28 18:11:48 - INFO - 景色                     0.4716           -0.1135           0    一般        
2025-11-28 18:11:48 - INFO - 交通                     0.5135            0.0540           0    一般        
2025-11-28 18:11:48 - INFO - 美食                     0.5479            0.1917           0    一般        
2025-11-28 18:11:48 - INFO - 门票                     0.5060            0.0238           0    一般        
2025-11-28 18:11:48 - INFO - 服务                     0.9750            1.9000           2    很好        
2025-11-28 18:11:48 - INFO - ----------------------------------------------------------------------------------------------------
2025-11-28 18:11:48 - INFO - 平均分                    0.6028            0.4112        0.40
2025-11-28 18:11:48 - INFO - ================================================================================
2025-11-28 18:11:48 - INFO - 
✓ 结果已保存到: E:\2024liushaoxuan\learn\shiyan1\results\sentiment_result_20251128_181148.json
2025-11-28 18:11:48 - INFO - ✓ 文本报告已保存到: E:\2024liushaoxuan\learn\shiyan1\results\sentiment_result_20251128_181148.txt
2025-11-28 18:12:15 - INFO - ================================================================================
2025-11-28 18:12:15 - INFO - 开始分析评论...
2025-11-28 18:12:15 - INFO - ================================================================================
2025-11-28 18:12:15 - INFO - 评论内容: 导游服务好，司机开车稳当。没吃团餐也及时把餐费退给我了。导游推荐的饭店味道不错，分量很足。
2025-11-28 18:12:15 - INFO - 
================================================================================
2025-11-28 18:12:15 - INFO - 分析结果
2025-11-28 18:12:15 - INFO - ================================================================================
2025-11-28 18:12:15 - INFO - 
评论: 导游服务好，司机开车稳当。没吃团餐也及时把餐费退给我了。导游推荐的饭店味道不错，分量很足。
2025-11-28 18:12:15 - INFO - 时间: 2025-11-28 18:12:15
2025-11-28 18:12:15 - INFO - 
五维度评分:
2025-11-28 18:12:15 - INFO - ----------------------------------------------------------------------------------------------------
2025-11-28 18:12:15 - INFO - 维度              归一化[0-1]        连续分数[-2,2]         离散分数         评价        
2025-11-28 18:12:15 - INFO - ----------------------------------------------------------------------------------------------------
2025-11-28 18:12:15 - INFO - 景色                     0.4139           -0.3445           0    一般        
2025-11-28 18:12:15 - INFO - 交通                     0.6576            0.6304           1    较好        
2025-11-28 18:12:15 - INFO - 美食                     0.8316            1.3265           1    较好        
2025-11-28 18:12:15 - INFO - 门票                     0.5755            0.3021           0    一般        
2025-11-28 18:12:15 - INFO - 服务                     0.9723            1.8892           2    很好        
2025-11-28 18:12:15 - INFO - ----------------------------------------------------------------------------------------------------
2025-11-28 18:12:15 - INFO - 平均分                    0.6902            0.7607        0.80
2025-11-28 18:12:15 - INFO - ================================================================================
2025-11-28 18:12:15 - INFO - 
✓ 结果已保存到: E:\2024liushaoxuan\learn\shiyan1\results\sentiment_result_20251128_181215.json
2025-11-28 18:12:15 - INFO - ✓ 文本报告已保存到: E:\2024liushaoxuan\learn\shiyan1\results\sentiment_result_20251128_181215.txt
2025-11-28 18:13:22 - INFO - ================================================================================
2025-11-28 18:13:22 - INFO - 开始分析评论...
2025-11-28 18:13:22 - INFO - ================================================================================
2025-11-28 18:13:22 - INFO - 评论内容: 风景真的跟美，很适合和家人一起出去玩，就是人太多了，排队排了很久
2025-11-28 18:13:22 - INFO - 
================================================================================
2025-11-28 18:13:22 - INFO - 分析结果
2025-11-28 18:13:22 - INFO - ================================================================================
2025-11-28 18:13:22 - INFO - 
评论: 风景真的跟美，很适合和家人一起出去玩，就是人太多了，排队排了很久
2025-11-28 18:13:22 - INFO - 时间: 2025-11-28 18:13:22
2025-11-28 18:13:22 - INFO - 
五维度评分:
2025-11-28 18:13:22 - INFO - ----------------------------------------------------------------------------------------------------
2025-11-28 18:13:22 - INFO - 维度              归一化[0-1]        连续分数[-2,2]         离散分数         评价        
2025-11-28 18:13:22 - INFO - ----------------------------------------------------------------------------------------------------
2025-11-28 18:13:22 - INFO - 景色                     0.9788            1.9153           2    很好        
2025-11-28 18:13:22 - INFO - 交通                     0.4660           -0.1358           0    一般        
2025-11-28 18:13:22 - INFO - 美食                     0.5376            0.1505           0    一般        
2025-11-28 18:13:22 - INFO - 门票                     0.5229            0.0916           0    一般        
2025-11-28 18:13:22 - INFO - 服务                     0.4080           -0.3681           0    一般        
2025-11-28 18:13:22 - INFO - ----------------------------------------------------------------------------------------------------
2025-11-28 18:13:22 - INFO - 平均分                    0.5827            0.3307        0.40
2025-11-28 18:13:22 - INFO - ================================================================================
2025-11-28 18:13:22 - INFO - 
✓ 结果已保存到: E:\2024liushaoxuan\learn\shiyan1\results\sentiment_result_20251128_181322.json
2025-11-28 18:13:22 - INFO - ✓ 文本报告已保存到: E:\2024liushaoxuan\learn\shiyan1\results\sentiment_result_20251128_181322.txt
